<?xml version="1.0" encoding="UTF-8"?>
<testsuite name="agh.ics.oop.SimulationEngineTest" tests="2" skipped="0" failures="0" errors="0" timestamp="2022-11-02T10:18:43" hostname="DESKTOP-HHSEM5B" time="0.022">
  <properties/>
  <testcase name="creatingAndPlacingAnimals()" classname="agh.ics.oop.SimulationEngineTest" time="0.019"/>
  <testcase name="movingAnimals()" classname="agh.ics.oop.SimulationEngineTest" time="0.002"/>
  <system-out><![CDATA[]]></system-out>
  <system-err><![CDATA[]]></system-err>
</testsuite>
