<?xml version="1.0" encoding="UTF-8"?>
<testsuite name="agh.ics.oop.OptionsParserTest" tests="2" skipped="0" failures="0" errors="0" timestamp="2022-11-22T08:57:18" hostname="DESKTOP-HHSEM5B" time="0.017">
  <properties/>
  <testcase name="parseOutputIllegalCommands()" classname="agh.ics.oop.OptionsParserTest" time="0.016"/>
  <testcase name="parseOutputLegalCommands()" classname="agh.ics.oop.OptionsParserTest" time="0.001"/>
  <system-out><![CDATA[]]></system-out>
  <system-err><![CDATA[]]></system-err>
</testsuite>
